<?xml version="1.0" encoding="UTF-8" ?>
<testsuite tests="5" failures="0" name="by.minilooth.dependencyinjectortest.Tests" time="0.057" errors="0" skipped="0">
  <properties>
[...]
</properties>
  <testcase classname="by.minilooth.dependencyinjectortest.Tests" name="injectionTest" time="0.029"/>
  <testcase classname="by.minilooth.dependencyinjectortest.Tests" name="bindingNotFoundTest" time="0.023"/>
  <testcase classname="by.minilooth.dependencyinjectortest.Tests" name="tooManyConstructorsTest" time="0.004"/>
  <testcase classname="by.minilooth.dependencyinjectortest.Tests" name="innerInjectionTest" time="0"/>
  <testcase classname="by.minilooth.dependencyinjectortest.Tests" name="getNullProviderTest" time="0.001"/>
</testsuite>